<?xml version="1.0" encoding="UTF-8"?>
<coverage generated="1525374247695" clover="3.2.0">
  <project timestamp="1525374247695" name="All files">
    <metrics statements="33" coveredstatements="30" conditionals="30" coveredconditionals="15" methods="9" coveredmethods="7" elements="72" coveredelements="52" complexity="0" loc="33" ncloc="33" packages="2" files="2" classes="2">
      <package name="components.Slide">
        <metrics statements="18" coveredstatements="18" conditionals="2" coveredconditionals="2" methods="4" coveredmethods="4"/>
        <file name="SlideHelper.jsx" path="/Users/dragosiordachioaia/practice/clearscore/FED-home-test/src/app/components/Slide/SlideHelper.jsx">
          <metrics statements="18" coveredstatements="18" conditionals="2" coveredconditionals="2" methods="4" coveredmethods="4"/>
          <line num="4" count="1" type="stmt"/>
          <line num="6" count="1" type="stmt"/>
          <line num="7" count="1" type="stmt"/>
          <line num="8" count="1" type="stmt"/>
          <line num="10" count="1" type="stmt"/>
          <line num="39" count="1" type="stmt"/>
          <line num="40" count="1" type="stmt"/>
          <line num="41" count="1" type="stmt"/>
          <line num="43" count="1" type="stmt"/>
          <line num="62" count="1" type="stmt"/>
          <line num="63" count="1" type="stmt"/>
          <line num="77" count="1" type="stmt"/>
          <line num="78" count="2" type="stmt"/>
          <line num="79" count="2" type="stmt"/>
          <line num="81" count="2" type="stmt"/>
          <line num="82" count="2" type="cond" truecount="2" falsecount="0"/>
          <line num="83" count="1" type="stmt"/>
          <line num="86" count="2" type="stmt"/>
        </file>
      </package>
      <package name="utils">
        <metrics statements="15" coveredstatements="12" conditionals="28" coveredconditionals="13" methods="5" coveredmethods="3"/>
        <file name="bem.js" path="/Users/dragosiordachioaia/practice/clearscore/FED-home-test/src/app/utils/bem.js">
          <metrics statements="15" coveredstatements="12" conditionals="28" coveredconditionals="13" methods="5" coveredmethods="3"/>
          <line num="2" count="22" type="cond" truecount="1" falsecount="1"/>
          <line num="3" count="22" type="stmt"/>
          <line num="6" count="0" type="cond" truecount="0" falsecount="2"/>
          <line num="8" count="0" type="stmt"/>
          <line num="10" count="0" type="cond" truecount="0" falsecount="2"/>
          <line num="13" count="1" type="stmt"/>
          <line num="16" count="1" type="cond" truecount="2" falsecount="1"/>
          <line num="17" count="22" type="stmt"/>
          <line num="18" count="22" type="cond" truecount="1" falsecount="1"/>
          <line num="19" count="22" type="cond" truecount="2" falsecount="2"/>
          <line num="20" count="22" type="cond" truecount="2" falsecount="2"/>
          <line num="21" count="22" type="cond" truecount="1" falsecount="1"/>
          <line num="22" count="22" type="cond" truecount="1" falsecount="1"/>
          <line num="23" count="22" type="stmt"/>
          <line num="26" count="1" type="stmt"/>
        </file>
      </package>
    </metrics>
  </project>
</coverage>
