{"/Users/dragosiordachioaia/practice/clearscore/FED-home-test/src/app/components/Slide/SlideHelper.jsx": {"path":"/Users/dragosiordachioaia/practice/clearscore/FED-home-test/src/app/components/Slide/SlideHelper.jsx","statementMap":{"0":{"start":{"line":4,"column":11},"end":{"line":4,"column":40}},"1":{"start":{"line":6,"column":29},"end":{"line":37,"column":1}},"2":{"start":{"line":7,"column":27},"end":{"line":7,"column":64}},"3":{"start":{"line":8,"column":28},"end":{"line":8,"column":86}},"4":{"start":{"line":10,"column":2},"end":{"line":36,"column":3}},"5":{"start":{"line":39,"column":30},"end":{"line":60,"column":1}},"6":{"start":{"line":40,"column":27},"end":{"line":40,"column":64}},"7":{"start":{"line":41,"column":28},"end":{"line":41,"column":86}},"8":{"start":{"line":43,"column":2},"end":{"line":59,"column":3}},"9":{"start":{"line":62,"column":31},"end":{"line":75,"column":1}},"10":{"start":{"line":63,"column":2},"end":{"line":74,"column":3}},"11":{"start":{"line":77,"column":28},"end":{"line":111,"column":1}},"12":{"start":{"line":78,"column":27},"end":{"line":78,"column":64}},"13":{"start":{"line":79,"column":28},"end":{"line":79,"column":85}},"14":{"start":{"line":81,"column":19},"end":{"line":81,"column":58}},"15":{"start":{"line":82,"column":2},"end":{"line":84,"column":3}},"16":{"start":{"line":83,"column":4},"end":{"line":83,"column":34}},"17":{"start":{"line":86,"column":2},"end":{"line":110,"column":3}}},"fnMap":{"0":{"name":"(anonymous_0)","decl":{"start":{"line":6,"column":29},"end":{"line":6,"column":30}},"loc":{"start":{"line":6,"column":47},"end":{"line":37,"column":1}},"line":6},"1":{"name":"(anonymous_1)","decl":{"start":{"line":39,"column":30},"end":{"line":39,"column":31}},"loc":{"start":{"line":39,"column":48},"end":{"line":60,"column":1}},"line":39},"2":{"name":"(anonymous_2)","decl":{"start":{"line":62,"column":31},"end":{"line":62,"column":32}},"loc":{"start":{"line":62,"column":49},"end":{"line":75,"column":1}},"line":62},"3":{"name":"(anonymous_3)","decl":{"start":{"line":77,"column":28},"end":{"line":77,"column":29}},"loc":{"start":{"line":77,"column":46},"end":{"line":111,"column":1}},"line":77}},"branchMap":{"0":{"loc":{"start":{"line":82,"column":2},"end":{"line":84,"column":3}},"type":"if","locations":[{"start":{"line":82,"column":2},"end":{"line":84,"column":3}},{"start":{"line":82,"column":2},"end":{"line":84,"column":3}}],"line":82}},"s":{"0":1,"1":1,"2":1,"3":1,"4":1,"5":1,"6":1,"7":1,"8":1,"9":1,"10":1,"11":1,"12":2,"13":2,"14":2,"15":2,"16":1,"17":2},"f":{"0":1,"1":1,"2":1,"3":2},"b":{"0":[1,1]},"_coverageSchema":"332fd63041d2c1bcb487cc26dd0d5f7d97098a6c","hash":"23a52abc7700f920865ea549e54e747d2ef96eb2"}
,"/Users/dragosiordachioaia/practice/clearscore/FED-home-test/src/app/utils/bem.js": {"path":"/Users/dragosiordachioaia/practice/clearscore/FED-home-test/src/app/utils/bem.js","statementMap":{"0":{"start":{"line":2,"column":2},"end":{"line":4,"column":3}},"1":{"start":{"line":3,"column":4},"end":{"line":3,"column":37}},"2":{"start":{"line":6,"column":21},"end":{"line":8,"column":68}},"3":{"start":{"line":8,"column":49},"end":{"line":8,"column":67}},"4":{"start":{"line":10,"column":2},"end":{"line":10,"column":102}},"5":{"start":{"line":10,"column":48},"end":{"line":10,"column":96}},"6":{"start":{"line":13,"column":12},"end":{"line":24,"column":3}},"7":{"start":{"line":16,"column":2},"end":{"line":24,"column":3}},"8":{"start":{"line":17,"column":23},"end":{"line":17,"column":42}},"9":{"start":{"line":18,"column":25},"end":{"line":18,"column":84}},"10":{"start":{"line":19,"column":26},"end":{"line":19,"column":111}},"11":{"start":{"line":20,"column":28},"end":{"line":20,"column":114}},"12":{"start":{"line":21,"column":23},"end":{"line":21,"column":56}},"13":{"start":{"line":22,"column":23},"end":{"line":22,"column":92}},"14":{"start":{"line":23,"column":4},"end":{"line":23,"column":44}},"15":{"start":{"line":26,"column":0},"end":{"line":26,"column":21}}},"fnMap":{"0":{"name":"toClass","decl":{"start":{"line":1,"column":9},"end":{"line":1,"column":16}},"loc":{"start":{"line":1,"column":44},"end":{"line":11,"column":1}},"line":1},"1":{"name":"(anonymous_1)","decl":{"start":{"line":8,"column":34},"end":{"line":8,"column":35}},"loc":{"start":{"line":8,"column":49},"end":{"line":8,"column":67}},"line":8},"2":{"name":"(anonymous_2)","decl":{"start":{"line":10,"column":27},"end":{"line":10,"column":28}},"loc":{"start":{"line":10,"column":48},"end":{"line":10,"column":96}},"line":10},"3":{"name":"(anonymous_3)","decl":{"start":{"line":13,"column":12},"end":{"line":13,"column":13}},"loc":{"start":{"line":16,"column":2},"end":{"line":24,"column":3}},"line":16},"4":{"name":"(anonymous_4)","decl":{"start":{"line":16,"column":2},"end":{"line":16,"column":3}},"loc":{"start":{"line":16,"column":47},"end":{"line":24,"column":3}},"line":16}},"branchMap":{"0":{"loc":{"start":{"line":1,"column":17},"end":{"line":1,"column":29}},"type":"default-arg","locations":[{"start":{"line":1,"column":27},"end":{"line":1,"column":29}}],"line":1},"1":{"loc":{"start":{"line":1,"column":31},"end":{"line":1,"column":42}},"type":"default-arg","locations":[{"start":{"line":1,"column":40},"end":{"line":1,"column":42}}],"line":1},"2":{"loc":{"start":{"line":2,"column":2},"end":{"line":4,"column":3}},"type":"if","locations":[{"start":{"line":2,"column":2},"end":{"line":4,"column":3}},{"start":{"line":2,"column":2},"end":{"line":4,"column":3}}],"line":2},"3":{"loc":{"start":{"line":6,"column":21},"end":{"line":8,"column":68}},"type":"cond-expr","locations":[{"start":{"line":7,"column":6},"end":{"line":7,"column":13}},{"start":{"line":8,"column":6},"end":{"line":8,"column":68}}],"line":6},"4":{"loc":{"start":{"line":10,"column":51},"end":{"line":10,"column":73}},"type":"cond-expr","locations":[{"start":{"line":10,"column":58},"end":{"line":10,"column":68}},{"start":{"line":10,"column":71},"end":{"line":10,"column":73}}],"line":10},"5":{"loc":{"start":{"line":14,"column":2},"end":{"line":14,"column":13}},"type":"default-arg","locations":[{"start":{"line":14,"column":11},"end":{"line":14,"column":13}}],"line":14},"6":{"loc":{"start":{"line":14,"column":22},"end":{"line":14,"column":42}},"type":"default-arg","locations":[{"start":{"line":14,"column":38},"end":{"line":14,"column":42}}],"line":14},"7":{"loc":{"start":{"line":14,"column":44},"end":{"line":14,"column":65}},"type":"default-arg","locations":[{"start":{"line":14,"column":61},"end":{"line":14,"column":65}}],"line":14},"8":{"loc":{"start":{"line":16,"column":3},"end":{"line":16,"column":15}},"type":"default-arg","locations":[{"start":{"line":16,"column":13},"end":{"line":16,"column":15}}],"line":16},"9":{"loc":{"start":{"line":16,"column":17},"end":{"line":16,"column":30}},"type":"default-arg","locations":[{"start":{"line":16,"column":28},"end":{"line":16,"column":30}}],"line":16},"10":{"loc":{"start":{"line":16,"column":32},"end":{"line":16,"column":42}},"type":"default-arg","locations":[{"start":{"line":16,"column":40},"end":{"line":16,"column":42}}],"line":16},"11":{"loc":{"start":{"line":18,"column":25},"end":{"line":18,"column":84}},"type":"cond-expr","locations":[{"start":{"line":18,"column":35},"end":{"line":18,"column":79}},{"start":{"line":18,"column":82},"end":{"line":18,"column":84}}],"line":18},"12":{"loc":{"start":{"line":19,"column":26},"end":{"line":19,"column":111}},"type":"cond-expr","locations":[{"start":{"line":19,"column":54},"end":{"line":19,"column":106}},{"start":{"line":19,"column":109},"end":{"line":19,"column":111}}],"line":19},"13":{"loc":{"start":{"line":19,"column":26},"end":{"line":19,"column":51}},"type":"binary-expr","locations":[{"start":{"line":19,"column":26},"end":{"line":19,"column":34}},{"start":{"line":19,"column":38},"end":{"line":19,"column":51}}],"line":19},"14":{"loc":{"start":{"line":20,"column":28},"end":{"line":20,"column":114}},"type":"cond-expr","locations":[{"start":{"line":20,"column":55},"end":{"line":20,"column":109}},{"start":{"line":20,"column":112},"end":{"line":20,"column":114}}],"line":20},"15":{"loc":{"start":{"line":20,"column":28},"end":{"line":20,"column":52}},"type":"binary-expr","locations":[{"start":{"line":20,"column":28},"end":{"line":20,"column":36}},{"start":{"line":20,"column":40},"end":{"line":20,"column":52}}],"line":20},"16":{"loc":{"start":{"line":21,"column":23},"end":{"line":21,"column":56}},"type":"cond-expr","locations":[{"start":{"line":21,"column":31},"end":{"line":21,"column":51}},{"start":{"line":21,"column":54},"end":{"line":21,"column":56}}],"line":21},"17":{"loc":{"start":{"line":22,"column":23},"end":{"line":22,"column":92}},"type":"cond-expr","locations":[{"start":{"line":22,"column":33},"end":{"line":22,"column":63}},{"start":{"line":22,"column":66},"end":{"line":22,"column":92}}],"line":22}},"s":{"0":22,"1":22,"2":0,"3":0,"4":0,"5":0,"6":1,"7":1,"8":22,"9":22,"10":22,"11":22,"12":22,"13":22,"14":22,"15":1},"f":{"0":22,"1":0,"2":0,"3":1,"4":22},"b":{"0":[0],"1":[0],"2":[22,0],"3":[0,0],"4":[0,0],"5":[1],"6":[1],"7":[1],"8":[0],"9":[22],"10":[22],"11":[22,0],"12":[0,22],"13":[22,0],"14":[0,22],"15":[22,0],"16":[0,22],"17":[22,0]},"_coverageSchema":"332fd63041d2c1bcb487cc26dd0d5f7d97098a6c","hash":"732bb26870028a8d1322c947a7d4364e7d1c449f"}
}
