TN:
SF:/Users/dragosiordachioaia/practice/clearscore/FED-home-test/src/app/components/Slide/SlideHelper.jsx
FN:6,(anonymous_0)
FN:39,(anonymous_1)
FN:62,(anonymous_2)
FN:77,(anonymous_3)
FNF:4
FNH:4
FNDA:1,(anonymous_0)
FNDA:1,(anonymous_1)
FNDA:1,(anonymous_2)
FNDA:2,(anonymous_3)
DA:4,1
DA:6,1
DA:7,1
DA:8,1
DA:10,1
DA:39,1
DA:40,1
DA:41,1
DA:43,1
DA:62,1
DA:63,1
DA:77,1
DA:78,2
DA:79,2
DA:81,2
DA:82,2
DA:83,1
DA:86,2
LF:18
LH:18
BRDA:82,0,0,1
BRDA:82,0,1,1
BRF:2
BRH:2
end_of_record
TN:
SF:/Users/dragosiordachioaia/practice/clearscore/FED-home-test/src/app/utils/bem.js
FN:1,toClass
FN:8,(anonymous_1)
FN:10,(anonymous_2)
FN:13,(anonymous_3)
FN:16,(anonymous_4)
FNF:5
FNH:3
FNDA:22,toClass
FNDA:0,(anonymous_1)
FNDA:0,(anonymous_2)
FNDA:1,(anonymous_3)
FNDA:22,(anonymous_4)
DA:2,22
DA:3,22
DA:6,0
DA:8,0
DA:10,0
DA:13,1
DA:16,1
DA:17,22
DA:18,22
DA:19,22
DA:20,22
DA:21,22
DA:22,22
DA:23,22
DA:26,1
LF:15
LH:12
BRDA:1,0,0,0
BRDA:1,1,0,0
BRDA:2,2,0,22
BRDA:2,2,1,0
BRDA:6,3,0,0
BRDA:6,3,1,0
BRDA:10,4,0,0
BRDA:10,4,1,0
BRDA:14,5,0,1
BRDA:14,6,0,1
BRDA:14,7,0,1
BRDA:16,8,0,0
BRDA:16,9,0,22
BRDA:16,10,0,22
BRDA:18,11,0,22
BRDA:18,11,1,0
BRDA:19,12,0,0
BRDA:19,12,1,22
BRDA:19,13,0,22
BRDA:19,13,1,0
BRDA:20,14,0,0
BRDA:20,14,1,22
BRDA:20,15,0,22
BRDA:20,15,1,0
BRDA:21,16,0,0
BRDA:21,16,1,22
BRDA:22,17,0,22
BRDA:22,17,1,0
BRF:28
BRH:13
end_of_record
